# Logfile created on 2014-01-16 10:49:20 -0800 by logger.rb/41954
I, [2014-01-16T10:49:20.221446 #7097]  INFO -- : 0:  rake (10.1.1) from /Users/jared/.rvm/gems/ruby-2.0.0-p353@google-authenticator/specifications/rake-10.1.1.gemspec
I, [2014-01-16T10:49:22.612338 #7097]  INFO -- : 0:  activesupport (2.3.18) from /Users/jared/.rvm/gems/ruby-2.0.0-p353@google-authenticator/specifications/activesupport-2.3.18.gemspec
I, [2014-01-16T10:49:23.296031 #7097]  INFO -- : 0:  rack (1.1.6) from /Users/jared/.rvm/gems/ruby-2.0.0-p353@google-authenticator/specifications/rack-1.1.6.gemspec
I, [2014-01-16T10:49:24.489580 #7097]  INFO -- : 0:  actionpack (2.3.18) from /Users/jared/.rvm/gems/ruby-2.0.0-p353@google-authenticator/specifications/actionpack-2.3.18.gemspec
I, [2014-01-16T10:49:25.478584 #7097]  INFO -- : 0:  activerecord (2.3.18) from /Users/jared/.rvm/gems/ruby-2.0.0-p353@google-authenticator/specifications/activerecord-2.3.18.gemspec
I, [2014-01-16T10:49:25.478901 #7097]  INFO -- : 0:  bundler (1.5.1) from /Users/jared/.rvm/gems/ruby-2.0.0-p353@global/specifications/bundler-1.5.1.gemspec
I, [2014-01-16T10:49:25.479134 #7097]  INFO -- : 0:  appraisal (0.5.2) from /Users/jared/.rvm/gems/ruby-2.0.0-p353@google-authenticator/specifications/appraisal-0.5.2.gemspec
I, [2014-01-16T10:49:25.479356 #7097]  INFO -- : 0:  diff-lcs (1.1.3) from /Users/jared/.rvm/gems/ruby-2.0.0-p353@google-authenticator/specifications/diff-lcs-1.1.3.gemspec
I, [2014-01-16T10:49:25.479566 #7097]  INFO -- : 0:  google-qr (0.2.2) from /Users/jared/.rvm/gems/ruby-2.0.0-p353@google-authenticator/specifications/google-qr-0.2.2.gemspec
I, [2014-01-16T10:49:25.479765 #7097]  INFO -- : 0:  rotp (1.4.1) from /Users/jared/.rvm/gems/ruby-2.0.0-p353@google-authenticator/specifications/rotp-1.4.1.gemspec
I, [2014-01-16T10:49:25.500673 #7097]  INFO -- : 0:  google-authenticator-rails (0.0.6) from /Users/jared/Open Source/gems/google-authenticator/google-authenticator.gemspec
I, [2014-01-16T10:49:25.500986 #7097]  INFO -- : 0:  rspec-core (2.8.0) from /Users/jared/.rvm/gems/ruby-2.0.0-p353@google-authenticator/specifications/rspec-core-2.8.0.gemspec
I, [2014-01-16T10:49:25.501268 #7097]  INFO -- : 0:  rspec-expectations (2.8.0) from /Users/jared/.rvm/gems/ruby-2.0.0-p353@google-authenticator/specifications/rspec-expectations-2.8.0.gemspec
I, [2014-01-16T10:49:25.501542 #7097]  INFO -- : 0:  rspec-mocks (2.8.0) from /Users/jared/.rvm/gems/ruby-2.0.0-p353@google-authenticator/specifications/rspec-mocks-2.8.0.gemspec
I, [2014-01-16T10:49:25.501813 #7097]  INFO -- : 0:  rspec (2.8.0) from /Users/jared/.rvm/gems/ruby-2.0.0-p353@google-authenticator/specifications/rspec-2.8.0.gemspec
I, [2014-01-16T10:49:27.836927 #7097]  INFO -- : 0:  sqlite3 (1.3.8) from /Users/jared/.rvm/gems/ruby-2.0.0-p353@google-authenticator/specifications/sqlite3-1.3.8.gemspec
I, [2014-01-16T10:49:33.940618 #7300]  INFO -- : 0:  rake (10.1.1) from /Users/jared/.rvm/gems/ruby-2.0.0-p353@google-authenticator/specifications/rake-10.1.1.gemspec
I, [2014-01-16T10:49:34.720138 #7300]  INFO -- : 0:  abstract (1.0.0) from /Users/jared/.rvm/gems/ruby-2.0.0-p353@google-authenticator/specifications/abstract-1.0.0.gemspec
I, [2014-01-16T10:49:36.266215 #7300]  INFO -- : 0:  activesupport (3.0.20) from /Users/jared/.rvm/gems/ruby-2.0.0-p353@google-authenticator/specifications/activesupport-3.0.20.gemspec
I, [2014-01-16T10:49:37.363624 #7300]  INFO -- : 0:  builder (2.1.2) from /Users/jared/.rvm/gems/ruby-2.0.0-p353@google-authenticator/specifications/builder-2.1.2.gemspec
I, [2014-01-16T10:49:37.937206 #7300]  INFO -- : 0:  i18n (0.5.3) from /Users/jared/.rvm/gems/ruby-2.0.0-p353@google-authenticator/specifications/i18n-0.5.3.gemspec
I, [2014-01-16T10:49:38.813977 #7300]  INFO -- : 0:  activemodel (3.0.20) from /Users/jared/.rvm/gems/ruby-2.0.0-p353@google-authenticator/specifications/activemodel-3.0.20.gemspec
I, [2014-01-16T10:49:40.183201 #7300]  INFO -- : 0:  erubis (2.6.6) from /Users/jared/.rvm/gems/ruby-2.0.0-p353@google-authenticator/specifications/erubis-2.6.6.gemspec
I, [2014-01-16T10:49:40.876177 #7300]  INFO -- : 0:  rack (1.2.8) from /Users/jared/.rvm/gems/ruby-2.0.0-p353@google-authenticator/specifications/rack-1.2.8.gemspec
I, [2014-01-16T10:49:41.746637 #7300]  INFO -- : 0:  rack-mount (0.6.14) from /Users/jared/.rvm/gems/ruby-2.0.0-p353@google-authenticator/specifications/rack-mount-0.6.14.gemspec
I, [2014-01-16T10:49:42.630662 #7300]  INFO -- : 0:  rack-test (0.5.7) from /Users/jared/.rvm/gems/ruby-2.0.0-p353@google-authenticator/specifications/rack-test-0.5.7.gemspec
I, [2014-01-16T10:49:44.451529 #7300]  INFO -- : 0:  tzinfo (0.3.38) from /Users/jared/.rvm/gems/ruby-2.0.0-p353@google-authenticator/specifications/tzinfo-0.3.38.gemspec
I, [2014-01-16T10:49:46.238139 #7300]  INFO -- : 0:  actionpack (3.0.20) from /Users/jared/.rvm/gems/ruby-2.0.0-p353@google-authenticator/specifications/actionpack-3.0.20.gemspec
I, [2014-01-16T10:49:47.126768 #7300]  INFO -- : 0:  arel (2.0.10) from /Users/jared/.rvm/gems/ruby-2.0.0-p353@google-authenticator/specifications/arel-2.0.10.gemspec
I, [2014-01-16T10:49:48.709101 #7300]  INFO -- : 0:  activerecord (3.0.20) from /Users/jared/.rvm/gems/ruby-2.0.0-p353@google-authenticator/specifications/activerecord-3.0.20.gemspec
I, [2014-01-16T10:49:48.709537 #7300]  INFO -- : 0:  bundler (1.5.1) from /Users/jared/.rvm/gems/ruby-2.0.0-p353@global/specifications/bundler-1.5.1.gemspec
I, [2014-01-16T10:49:48.709870 #7300]  INFO -- : 0:  appraisal (0.5.2) from /Users/jared/.rvm/gems/ruby-2.0.0-p353@google-authenticator/specifications/appraisal-0.5.2.gemspec
I, [2014-01-16T10:49:48.710181 #7300]  INFO -- : 0:  diff-lcs (1.1.3) from /Users/jared/.rvm/gems/ruby-2.0.0-p353@google-authenticator/specifications/diff-lcs-1.1.3.gemspec
I, [2014-01-16T10:49:48.710442 #7300]  INFO -- : 0:  google-qr (0.2.2) from /Users/jared/.rvm/gems/ruby-2.0.0-p353@google-authenticator/specifications/google-qr-0.2.2.gemspec
I, [2014-01-16T10:49:48.710696 #7300]  INFO -- : 0:  rotp (1.4.1) from /Users/jared/.rvm/gems/ruby-2.0.0-p353@google-authenticator/specifications/rotp-1.4.1.gemspec
I, [2014-01-16T10:49:48.733179 #7300]  INFO -- : 0:  google-authenticator-rails (0.0.6) from /Users/jared/Open Source/gems/google-authenticator/google-authenticator.gemspec
I, [2014-01-16T10:49:48.733473 #7300]  INFO -- : 0:  rspec-core (2.8.0) from /Users/jared/.rvm/gems/ruby-2.0.0-p353@google-authenticator/specifications/rspec-core-2.8.0.gemspec
I, [2014-01-16T10:49:48.733699 #7300]  INFO -- : 0:  rspec-expectations (2.8.0) from /Users/jared/.rvm/gems/ruby-2.0.0-p353@google-authenticator/specifications/rspec-expectations-2.8.0.gemspec
I, [2014-01-16T10:49:48.733920 #7300]  INFO -- : 0:  rspec-mocks (2.8.0) from /Users/jared/.rvm/gems/ruby-2.0.0-p353@google-authenticator/specifications/rspec-mocks-2.8.0.gemspec
I, [2014-01-16T10:49:48.734130 #7300]  INFO -- : 0:  rspec (2.8.0) from /Users/jared/.rvm/gems/ruby-2.0.0-p353@google-authenticator/specifications/rspec-2.8.0.gemspec
I, [2014-01-16T10:49:48.734339 #7300]  INFO -- : 0:  sqlite3 (1.3.8) from /Users/jared/.rvm/gems/ruby-2.0.0-p353@google-authenticator/specifications/sqlite3-1.3.8.gemspec
I, [2014-01-16T10:49:55.024984 #7305]  INFO -- : 0:  rake (10.1.1) from /Users/jared/.rvm/gems/ruby-2.0.0-p353@google-authenticator/specifications/rake-10.1.1.gemspec
I, [2014-01-16T10:49:55.869486 #7305]  INFO -- : 0:  multi_json (1.8.4) from /Users/jared/.rvm/gems/ruby-2.0.0-p353@google-authenticator/specifications/multi_json-1.8.4.gemspec
I, [2014-01-16T10:49:57.248523 #7305]  INFO -- : 0:  activesupport (3.1.12) from /Users/jared/.rvm/gems/ruby-2.0.0-p353@google-authenticator/specifications/activesupport-3.1.12.gemspec
I, [2014-01-16T10:49:57.248980 #7305]  INFO -- : 0:  builder (3.0.4) from /Users/jared/.rvm/gems/ruby-2.0.0-p353@google-authenticator/specifications/builder-3.0.4.gemspec
I, [2014-01-16T10:49:58.201852 #7305]  INFO -- : 0:  i18n (0.6.9) from /Users/jared/.rvm/gems/ruby-2.0.0-p353@google-authenticator/specifications/i18n-0.6.9.gemspec
I, [2014-01-16T10:49:58.782745 #7305]  INFO -- : 0:  activemodel (3.1.12) from /Users/jared/.rvm/gems/ruby-2.0.0-p353@google-authenticator/specifications/activemodel-3.1.12.gemspec
I, [2014-01-16T10:49:58.783138 #7305]  INFO -- : 0:  erubis (2.7.0) from /Users/jared/.rvm/gems/ruby-2.0.0-p353@google-authenticator/specifications/erubis-2.7.0.gemspec
I, [2014-01-16T10:49:59.655841 #7305]  INFO -- : 0:  rack (1.3.10) from /Users/jared/.rvm/gems/ruby-2.0.0-p353@google-authenticator/specifications/rack-1.3.10.gemspec
I, [2014-01-16T10:49:59.656149 #7305]  INFO -- : 0:  rack-cache (1.2) from /Users/jared/.rvm/gems/ruby-2.0.0-p353@google-authenticator/specifications/rack-cache-1.2.gemspec
I, [2014-01-16T10:50:00.588915 #7305]  INFO -- : 0:  rack-mount (0.8.3) from /Users/jared/.rvm/gems/ruby-2.0.0-p353@google-authenticator/specifications/rack-mount-0.8.3.gemspec
I, [2014-01-16T10:50:00.589209 #7305]  INFO -- : 0:  rack-test (0.6.2) from /Users/jared/.rvm/gems/ruby-2.0.0-p353@google-authenticator/specifications/rack-test-0.6.2.gemspec
I, [2014-01-16T10:50:00.589422 #7305]  INFO -- : 0:  hike (1.2.3) from /Users/jared/.rvm/gems/ruby-2.0.0-p353@google-authenticator/specifications/hike-1.2.3.gemspec
I, [2014-01-16T10:50:00.589629 #7305]  INFO -- : 0:  tilt (1.4.1) from /Users/jared/.rvm/gems/ruby-2.0.0-p353@google-authenticator/specifications/tilt-1.4.1.gemspec
I, [2014-01-16T10:50:01.463863 #7305]  INFO -- : 0:  sprockets (2.0.4) from /Users/jared/.rvm/gems/ruby-2.0.0-p353@google-authenticator/specifications/sprockets-2.0.4.gemspec
I, [2014-01-16T10:50:02.282730 #7305]  INFO -- : 0:  actionpack (3.1.12) from /Users/jared/.rvm/gems/ruby-2.0.0-p353@google-authenticator/specifications/actionpack-3.1.12.gemspec
I, [2014-01-16T10:50:03.235118 #7305]  INFO -- : 0:  arel (2.2.3) from /Users/jared/.rvm/gems/ruby-2.0.0-p353@google-authenticator/specifications/arel-2.2.3.gemspec
I, [2014-01-16T10:50:03.235444 #7305]  INFO -- : 0:  tzinfo (0.3.38) from /Users/jared/.rvm/gems/ruby-2.0.0-p353@google-authenticator/specifications/tzinfo-0.3.38.gemspec
I, [2014-01-16T10:50:05.148562 #7305]  INFO -- : 0:  activerecord (3.1.12) from /Users/jared/.rvm/gems/ruby-2.0.0-p353@google-authenticator/specifications/activerecord-3.1.12.gemspec
I, [2014-01-16T10:50:05.148892 #7305]  INFO -- : 0:  bundler (1.5.1) from /Users/jared/.rvm/gems/ruby-2.0.0-p353@global/specifications/bundler-1.5.1.gemspec
I, [2014-01-16T10:50:05.149134 #7305]  INFO -- : 0:  appraisal (0.5.2) from /Users/jared/.rvm/gems/ruby-2.0.0-p353@google-authenticator/specifications/appraisal-0.5.2.gemspec
I, [2014-01-16T10:50:05.149347 #7305]  INFO -- : 0:  diff-lcs (1.1.3) from /Users/jared/.rvm/gems/ruby-2.0.0-p353@google-authenticator/specifications/diff-lcs-1.1.3.gemspec
I, [2014-01-16T10:50:05.149555 #7305]  INFO -- : 0:  google-qr (0.2.2) from /Users/jared/.rvm/gems/ruby-2.0.0-p353@google-authenticator/specifications/google-qr-0.2.2.gemspec
I, [2014-01-16T10:50:05.149753 #7305]  INFO -- : 0:  rotp (1.4.1) from /Users/jared/.rvm/gems/ruby-2.0.0-p353@google-authenticator/specifications/rotp-1.4.1.gemspec
I, [2014-01-16T10:50:05.181829 #7305]  INFO -- : 0:  google-authenticator-rails (0.0.6) from /Users/jared/Open Source/gems/google-authenticator/google-authenticator.gemspec
I, [2014-01-16T10:50:05.182137 #7305]  INFO -- : 0:  rspec-core (2.8.0) from /Users/jared/.rvm/gems/ruby-2.0.0-p353@google-authenticator/specifications/rspec-core-2.8.0.gemspec
I, [2014-01-16T10:50:05.182392 #7305]  INFO -- : 0:  rspec-expectations (2.8.0) from /Users/jared/.rvm/gems/ruby-2.0.0-p353@google-authenticator/specifications/rspec-expectations-2.8.0.gemspec
I, [2014-01-16T10:50:05.182608 #7305]  INFO -- : 0:  rspec-mocks (2.8.0) from /Users/jared/.rvm/gems/ruby-2.0.0-p353@google-authenticator/specifications/rspec-mocks-2.8.0.gemspec
I, [2014-01-16T10:50:05.182825 #7305]  INFO -- : 0:  rspec (2.8.0) from /Users/jared/.rvm/gems/ruby-2.0.0-p353@google-authenticator/specifications/rspec-2.8.0.gemspec
I, [2014-01-16T10:50:05.183065 #7305]  INFO -- : 0:  sqlite3 (1.3.8) from /Users/jared/.rvm/gems/ruby-2.0.0-p353@google-authenticator/specifications/sqlite3-1.3.8.gemspec
