# Logfile created on 2014-01-16 10:27:28 -0800 by logger.rb/44203
I, [2014-01-16T10:27:28.591988 #4314]  INFO -- : 0:  i18n (0.6.1) from /Users/jared/.rvm/gems/ruby-2.1.0@google-authenticator/specifications/i18n-0.6.1.gemspec
I, [2014-01-16T10:27:29.467000 #4314]  INFO -- : 0:  multi_json (1.7.7) from /Users/jared/.rvm/gems/ruby-2.1.0@google-authenticator/specifications/multi_json-1.7.7.gemspec
I, [2014-01-16T10:27:30.267434 #4314]  INFO -- : 0:  activesupport (3.2.13) from /Users/jared/.rvm/gems/ruby-2.1.0@google-authenticator/specifications/activesupport-3.2.13.gemspec
I, [2014-01-16T10:27:31.495625 #4314]  INFO -- : 0:  builder (3.0.4) from /Users/jared/.rvm/gems/ruby-2.1.0@google-authenticator/specifications/builder-3.0.4.gemspec
I, [2014-01-16T10:27:32.065605 #4314]  INFO -- : 0:  activemodel (3.2.13) from /Users/jared/.rvm/gems/ruby-2.1.0@google-authenticator/specifications/activemodel-3.2.13.gemspec
I, [2014-01-16T10:27:33.328758 #4314]  INFO -- : 0:  erubis (2.7.0) from /Users/jared/.rvm/gems/ruby-2.1.0@google-authenticator/specifications/erubis-2.7.0.gemspec
I, [2014-01-16T10:27:34.136257 #4314]  INFO -- : 0:  journey (1.0.4) from /Users/jared/.rvm/gems/ruby-2.1.0@google-authenticator/specifications/journey-1.0.4.gemspec
I, [2014-01-16T10:27:34.859712 #4314]  INFO -- : 0:  rack (1.4.5) from /Users/jared/.rvm/gems/ruby-2.1.0@google-authenticator/specifications/rack-1.4.5.gemspec
I, [2014-01-16T10:27:36.250258 #4314]  INFO -- : 0:  rack-cache (1.2) from /Users/jared/.rvm/gems/ruby-2.1.0@google-authenticator/specifications/rack-cache-1.2.gemspec
I, [2014-01-16T10:27:37.083875 #4314]  INFO -- : 0:  rack-test (0.6.2) from /Users/jared/.rvm/gems/ruby-2.1.0@google-authenticator/specifications/rack-test-0.6.2.gemspec
I, [2014-01-16T10:27:37.532901 #4314]  INFO -- : 0:  hike (1.2.3) from /Users/jared/.rvm/gems/ruby-2.1.0@google-authenticator/specifications/hike-1.2.3.gemspec
I, [2014-01-16T10:27:38.145977 #4314]  INFO -- : 0:  tilt (1.4.1) from /Users/jared/.rvm/gems/ruby-2.1.0@google-authenticator/specifications/tilt-1.4.1.gemspec
I, [2014-01-16T10:27:39.073222 #4314]  INFO -- : 0:  sprockets (2.2.2) from /Users/jared/.rvm/gems/ruby-2.1.0@google-authenticator/specifications/sprockets-2.2.2.gemspec
I, [2014-01-16T10:27:39.938088 #4314]  INFO -- : 0:  actionpack (3.2.13) from /Users/jared/.rvm/gems/ruby-2.1.0@google-authenticator/specifications/actionpack-3.2.13.gemspec
I, [2014-01-16T10:27:40.962921 #4314]  INFO -- : 0:  arel (3.0.2) from /Users/jared/.rvm/gems/ruby-2.1.0@google-authenticator/specifications/arel-3.0.2.gemspec
I, [2014-01-16T10:27:41.974485 #4314]  INFO -- : 0:  tzinfo (0.3.37) from /Users/jared/.rvm/gems/ruby-2.1.0@google-authenticator/specifications/tzinfo-0.3.37.gemspec
I, [2014-01-16T10:27:42.750847 #4314]  INFO -- : 0:  activerecord (3.2.13) from /Users/jared/.rvm/gems/ruby-2.1.0@google-authenticator/specifications/activerecord-3.2.13.gemspec
I, [2014-01-16T10:27:43.682785 #4314]  INFO -- : 0:  diff-lcs (1.1.3) from /Users/jared/.rvm/gems/ruby-2.1.0@google-authenticator/specifications/diff-lcs-1.1.3.gemspec
I, [2014-01-16T10:27:44.314278 #4314]  INFO -- : 0:  google-qr (0.2.2) from /Users/jared/.rvm/gems/ruby-2.1.0@google-authenticator/specifications/google-qr-0.2.2.gemspec
I, [2014-01-16T10:27:45.317764 #4314]  INFO -- : 0:  rotp (1.4.1) from /Users/jared/.rvm/gems/ruby-2.1.0@google-authenticator/specifications/rotp-1.4.1.gemspec
I, [2014-01-16T10:27:45.343487 #4314]  INFO -- : 0:  google-authenticator-rails (0.0.6) from /Users/jared/Open Source/gems/google-authenticator/google-authenticator.gemspec
I, [2014-01-16T10:27:46.545704 #4314]  INFO -- : 0:  rspec-core (2.8.0) from /Users/jared/.rvm/gems/ruby-2.1.0@google-authenticator/specifications/rspec-core-2.8.0.gemspec
I, [2014-01-16T10:27:47.951818 #4314]  INFO -- : 0:  rspec-expectations (2.8.0) from /Users/jared/.rvm/gems/ruby-2.1.0@google-authenticator/specifications/rspec-expectations-2.8.0.gemspec
I, [2014-01-16T10:27:48.905081 #4314]  INFO -- : 0:  rspec-mocks (2.8.0) from /Users/jared/.rvm/gems/ruby-2.1.0@google-authenticator/specifications/rspec-mocks-2.8.0.gemspec
I, [2014-01-16T10:27:49.538280 #4314]  INFO -- : 0:  rspec (2.8.0) from /Users/jared/.rvm/gems/ruby-2.1.0@google-authenticator/specifications/rspec-2.8.0.gemspec
I, [2014-01-16T10:27:52.974574 #4314]  INFO -- : 0:  sqlite3 (1.3.6) from /Users/jared/.rvm/gems/ruby-2.1.0@google-authenticator/specifications/sqlite3-1.3.6.gemspec
I, [2014-01-16T10:27:52.975006 #4314]  INFO -- : 0:  bundler (1.5.1) from /Users/jared/.rvm/gems/ruby-2.1.0@global/specifications/bundler-1.5.1.gemspec
I, [2014-01-16T10:29:04.817229 #6648]  INFO -- : 0:  i18n (0.6.1) from /Users/jared/.rvm/gems/ruby-2.0.0-p353@google-authenticator/specifications/i18n-0.6.1.gemspec
I, [2014-01-16T10:29:05.686921 #6648]  INFO -- : 0:  multi_json (1.7.7) from /Users/jared/.rvm/gems/ruby-2.0.0-p353@google-authenticator/specifications/multi_json-1.7.7.gemspec
I, [2014-01-16T10:29:06.454840 #6648]  INFO -- : 0:  activesupport (3.2.13) from /Users/jared/.rvm/gems/ruby-2.0.0-p353@google-authenticator/specifications/activesupport-3.2.13.gemspec
I, [2014-01-16T10:29:07.836909 #6648]  INFO -- : 0:  builder (3.0.4) from /Users/jared/.rvm/gems/ruby-2.0.0-p353@google-authenticator/specifications/builder-3.0.4.gemspec
I, [2014-01-16T10:29:08.392955 #6648]  INFO -- : 0:  activemodel (3.2.13) from /Users/jared/.rvm/gems/ruby-2.0.0-p353@google-authenticator/specifications/activemodel-3.2.13.gemspec
I, [2014-01-16T10:29:09.709803 #6648]  INFO -- : 0:  erubis (2.7.0) from /Users/jared/.rvm/gems/ruby-2.0.0-p353@google-authenticator/specifications/erubis-2.7.0.gemspec
I, [2014-01-16T10:29:10.523590 #6648]  INFO -- : 0:  journey (1.0.4) from /Users/jared/.rvm/gems/ruby-2.0.0-p353@google-authenticator/specifications/journey-1.0.4.gemspec
I, [2014-01-16T10:29:11.272623 #6648]  INFO -- : 0:  rack (1.4.5) from /Users/jared/.rvm/gems/ruby-2.0.0-p353@google-authenticator/specifications/rack-1.4.5.gemspec
I, [2014-01-16T10:29:12.620076 #6648]  INFO -- : 0:  rack-cache (1.2) from /Users/jared/.rvm/gems/ruby-2.0.0-p353@google-authenticator/specifications/rack-cache-1.2.gemspec
I, [2014-01-16T10:29:13.482054 #6648]  INFO -- : 0:  rack-test (0.6.2) from /Users/jared/.rvm/gems/ruby-2.0.0-p353@google-authenticator/specifications/rack-test-0.6.2.gemspec
I, [2014-01-16T10:29:14.015648 #6648]  INFO -- : 0:  hike (1.2.3) from /Users/jared/.rvm/gems/ruby-2.0.0-p353@google-authenticator/specifications/hike-1.2.3.gemspec
I, [2014-01-16T10:29:15.519410 #6648]  INFO -- : 0:  tilt (1.4.1) from /Users/jared/.rvm/gems/ruby-2.0.0-p353@google-authenticator/specifications/tilt-1.4.1.gemspec
I, [2014-01-16T10:29:17.509266 #6648]  INFO -- : 0:  sprockets (2.2.2) from /Users/jared/.rvm/gems/ruby-2.0.0-p353@google-authenticator/specifications/sprockets-2.2.2.gemspec
I, [2014-01-16T10:29:19.077577 #6648]  INFO -- : 0:  actionpack (3.2.13) from /Users/jared/.rvm/gems/ruby-2.0.0-p353@google-authenticator/specifications/actionpack-3.2.13.gemspec
I, [2014-01-16T10:29:20.280326 #6648]  INFO -- : 0:  arel (3.0.2) from /Users/jared/.rvm/gems/ruby-2.0.0-p353@google-authenticator/specifications/arel-3.0.2.gemspec
I, [2014-01-16T10:29:21.309182 #6648]  INFO -- : 0:  tzinfo (0.3.37) from /Users/jared/.rvm/gems/ruby-2.0.0-p353@google-authenticator/specifications/tzinfo-0.3.37.gemspec
I, [2014-01-16T10:29:22.356719 #6648]  INFO -- : 0:  activerecord (3.2.13) from /Users/jared/.rvm/gems/ruby-2.0.0-p353@google-authenticator/specifications/activerecord-3.2.13.gemspec
I, [2014-01-16T10:29:23.864594 #6648]  INFO -- : 0:  diff-lcs (1.1.3) from /Users/jared/.rvm/gems/ruby-2.0.0-p353@google-authenticator/specifications/diff-lcs-1.1.3.gemspec
I, [2014-01-16T10:29:24.481537 #6648]  INFO -- : 0:  google-qr (0.2.2) from /Users/jared/.rvm/gems/ruby-2.0.0-p353@google-authenticator/specifications/google-qr-0.2.2.gemspec
I, [2014-01-16T10:29:25.746138 #6648]  INFO -- : 0:  rotp (1.4.1) from /Users/jared/.rvm/gems/ruby-2.0.0-p353@google-authenticator/specifications/rotp-1.4.1.gemspec
I, [2014-01-16T10:29:25.790386 #6648]  INFO -- : 0:  google-authenticator-rails (0.0.6) from /Users/jared/Open Source/gems/google-authenticator/google-authenticator.gemspec
I, [2014-01-16T10:29:27.767701 #6648]  INFO -- : 0:  rspec-core (2.8.0) from /Users/jared/.rvm/gems/ruby-2.0.0-p353@google-authenticator/specifications/rspec-core-2.8.0.gemspec
I, [2014-01-16T10:29:29.329366 #6648]  INFO -- : 0:  rspec-expectations (2.8.0) from /Users/jared/.rvm/gems/ruby-2.0.0-p353@google-authenticator/specifications/rspec-expectations-2.8.0.gemspec
I, [2014-01-16T10:29:30.265996 #6648]  INFO -- : 0:  rspec-mocks (2.8.0) from /Users/jared/.rvm/gems/ruby-2.0.0-p353@google-authenticator/specifications/rspec-mocks-2.8.0.gemspec
I, [2014-01-16T10:29:30.879481 #6648]  INFO -- : 0:  rspec (2.8.0) from /Users/jared/.rvm/gems/ruby-2.0.0-p353@google-authenticator/specifications/rspec-2.8.0.gemspec
I, [2014-01-16T10:29:33.912210 #6648]  INFO -- : 0:  sqlite3 (1.3.6) from /Users/jared/.rvm/gems/ruby-2.0.0-p353@google-authenticator/specifications/sqlite3-1.3.6.gemspec
I, [2014-01-16T10:29:33.912712 #6648]  INFO -- : 0:  bundler (1.5.1) from /Users/jared/.rvm/gems/ruby-2.0.0-p353@global/specifications/bundler-1.5.1.gemspec
I, [2014-01-16T10:46:40.887676 #6989]  INFO -- : 0:  rake (10.1.1) from /Users/jared/.rvm/gems/ruby-2.0.0-p353@google-authenticator/specifications/rake-10.1.1.gemspec
I, [2014-01-16T10:46:40.887973 #6989]  INFO -- : 0:  i18n (0.6.1) from /Users/jared/.rvm/gems/ruby-2.0.0-p353@google-authenticator/specifications/i18n-0.6.1.gemspec
I, [2014-01-16T10:46:40.888176 #6989]  INFO -- : 0:  multi_json (1.7.7) from /Users/jared/.rvm/gems/ruby-2.0.0-p353@google-authenticator/specifications/multi_json-1.7.7.gemspec
I, [2014-01-16T10:46:40.888373 #6989]  INFO -- : 0:  activesupport (3.2.13) from /Users/jared/.rvm/gems/ruby-2.0.0-p353@google-authenticator/specifications/activesupport-3.2.13.gemspec
I, [2014-01-16T10:46:40.888567 #6989]  INFO -- : 0:  builder (3.0.4) from /Users/jared/.rvm/gems/ruby-2.0.0-p353@google-authenticator/specifications/builder-3.0.4.gemspec
I, [2014-01-16T10:46:40.888762 #6989]  INFO -- : 0:  activemodel (3.2.13) from /Users/jared/.rvm/gems/ruby-2.0.0-p353@google-authenticator/specifications/activemodel-3.2.13.gemspec
I, [2014-01-16T10:46:40.888957 #6989]  INFO -- : 0:  erubis (2.7.0) from /Users/jared/.rvm/gems/ruby-2.0.0-p353@google-authenticator/specifications/erubis-2.7.0.gemspec
I, [2014-01-16T10:46:40.889146 #6989]  INFO -- : 0:  journey (1.0.4) from /Users/jared/.rvm/gems/ruby-2.0.0-p353@google-authenticator/specifications/journey-1.0.4.gemspec
I, [2014-01-16T10:46:40.889336 #6989]  INFO -- : 0:  rack (1.4.5) from /Users/jared/.rvm/gems/ruby-2.0.0-p353@google-authenticator/specifications/rack-1.4.5.gemspec
I, [2014-01-16T10:46:40.889526 #6989]  INFO -- : 0:  rack-cache (1.2) from /Users/jared/.rvm/gems/ruby-2.0.0-p353@google-authenticator/specifications/rack-cache-1.2.gemspec
I, [2014-01-16T10:46:40.889719 #6989]  INFO -- : 0:  rack-test (0.6.2) from /Users/jared/.rvm/gems/ruby-2.0.0-p353@google-authenticator/specifications/rack-test-0.6.2.gemspec
I, [2014-01-16T10:46:40.889910 #6989]  INFO -- : 0:  hike (1.2.3) from /Users/jared/.rvm/gems/ruby-2.0.0-p353@google-authenticator/specifications/hike-1.2.3.gemspec
I, [2014-01-16T10:46:40.890099 #6989]  INFO -- : 0:  tilt (1.4.1) from /Users/jared/.rvm/gems/ruby-2.0.0-p353@google-authenticator/specifications/tilt-1.4.1.gemspec
I, [2014-01-16T10:46:40.890293 #6989]  INFO -- : 0:  sprockets (2.2.2) from /Users/jared/.rvm/gems/ruby-2.0.0-p353@google-authenticator/specifications/sprockets-2.2.2.gemspec
I, [2014-01-16T10:46:40.890486 #6989]  INFO -- : 0:  actionpack (3.2.13) from /Users/jared/.rvm/gems/ruby-2.0.0-p353@google-authenticator/specifications/actionpack-3.2.13.gemspec
I, [2014-01-16T10:46:40.890673 #6989]  INFO -- : 0:  arel (3.0.2) from /Users/jared/.rvm/gems/ruby-2.0.0-p353@google-authenticator/specifications/arel-3.0.2.gemspec
I, [2014-01-16T10:46:40.890865 #6989]  INFO -- : 0:  tzinfo (0.3.37) from /Users/jared/.rvm/gems/ruby-2.0.0-p353@google-authenticator/specifications/tzinfo-0.3.37.gemspec
I, [2014-01-16T10:46:40.891055 #6989]  INFO -- : 0:  activerecord (3.2.13) from /Users/jared/.rvm/gems/ruby-2.0.0-p353@google-authenticator/specifications/activerecord-3.2.13.gemspec
I, [2014-01-16T10:46:40.891251 #6989]  INFO -- : 0:  bundler (1.5.1) from /Users/jared/.rvm/gems/ruby-2.0.0-p353@global/specifications/bundler-1.5.1.gemspec
I, [2014-01-16T10:46:41.357089 #6989]  INFO -- : 0:  appraisal (0.5.2) from /Users/jared/.rvm/gems/ruby-2.0.0-p353@google-authenticator/specifications/appraisal-0.5.2.gemspec
I, [2014-01-16T10:46:41.357529 #6989]  INFO -- : 0:  diff-lcs (1.1.3) from /Users/jared/.rvm/gems/ruby-2.0.0-p353@google-authenticator/specifications/diff-lcs-1.1.3.gemspec
I, [2014-01-16T10:46:41.357846 #6989]  INFO -- : 0:  google-qr (0.2.2) from /Users/jared/.rvm/gems/ruby-2.0.0-p353@google-authenticator/specifications/google-qr-0.2.2.gemspec
I, [2014-01-16T10:46:41.358155 #6989]  INFO -- : 0:  rotp (1.4.1) from /Users/jared/.rvm/gems/ruby-2.0.0-p353@google-authenticator/specifications/rotp-1.4.1.gemspec
I, [2014-01-16T10:46:41.384765 #6989]  INFO -- : 0:  google-authenticator-rails (0.0.6) from /Users/jared/Open Source/gems/google-authenticator/google-authenticator.gemspec
I, [2014-01-16T10:46:41.385087 #6989]  INFO -- : 0:  rspec-core (2.8.0) from /Users/jared/.rvm/gems/ruby-2.0.0-p353@google-authenticator/specifications/rspec-core-2.8.0.gemspec
I, [2014-01-16T10:46:41.385298 #6989]  INFO -- : 0:  rspec-expectations (2.8.0) from /Users/jared/.rvm/gems/ruby-2.0.0-p353@google-authenticator/specifications/rspec-expectations-2.8.0.gemspec
I, [2014-01-16T10:46:41.385503 #6989]  INFO -- : 0:  rspec-mocks (2.8.0) from /Users/jared/.rvm/gems/ruby-2.0.0-p353@google-authenticator/specifications/rspec-mocks-2.8.0.gemspec
I, [2014-01-16T10:46:41.385705 #6989]  INFO -- : 0:  rspec (2.8.0) from /Users/jared/.rvm/gems/ruby-2.0.0-p353@google-authenticator/specifications/rspec-2.8.0.gemspec
I, [2014-01-16T10:46:41.385930 #6989]  INFO -- : 0:  sqlite3 (1.3.6) from /Users/jared/.rvm/gems/ruby-2.0.0-p353@google-authenticator/specifications/sqlite3-1.3.6.gemspec
I, [2014-01-16T10:47:20.913405 #7029]  INFO -- : 0:  rake (10.1.1) from /Users/jared/.rvm/gems/ruby-2.0.0-p353@google-authenticator/specifications/rake-10.1.1.gemspec
I, [2014-01-16T10:47:20.913715 #7029]  INFO -- : 0:  i18n (0.6.1) from /Users/jared/.rvm/gems/ruby-2.0.0-p353@google-authenticator/specifications/i18n-0.6.1.gemspec
I, [2014-01-16T10:47:20.913963 #7029]  INFO -- : 0:  multi_json (1.7.7) from /Users/jared/.rvm/gems/ruby-2.0.0-p353@google-authenticator/specifications/multi_json-1.7.7.gemspec
I, [2014-01-16T10:47:20.914193 #7029]  INFO -- : 0:  activesupport (3.2.13) from /Users/jared/.rvm/gems/ruby-2.0.0-p353@google-authenticator/specifications/activesupport-3.2.13.gemspec
I, [2014-01-16T10:47:20.914461 #7029]  INFO -- : 0:  builder (3.0.4) from /Users/jared/.rvm/gems/ruby-2.0.0-p353@google-authenticator/specifications/builder-3.0.4.gemspec
I, [2014-01-16T10:47:20.914669 #7029]  INFO -- : 0:  activemodel (3.2.13) from /Users/jared/.rvm/gems/ruby-2.0.0-p353@google-authenticator/specifications/activemodel-3.2.13.gemspec
I, [2014-01-16T10:47:20.914865 #7029]  INFO -- : 0:  erubis (2.7.0) from /Users/jared/.rvm/gems/ruby-2.0.0-p353@google-authenticator/specifications/erubis-2.7.0.gemspec
I, [2014-01-16T10:47:20.915072 #7029]  INFO -- : 0:  journey (1.0.4) from /Users/jared/.rvm/gems/ruby-2.0.0-p353@google-authenticator/specifications/journey-1.0.4.gemspec
I, [2014-01-16T10:47:20.915277 #7029]  INFO -- : 0:  rack (1.4.5) from /Users/jared/.rvm/gems/ruby-2.0.0-p353@google-authenticator/specifications/rack-1.4.5.gemspec
I, [2014-01-16T10:47:20.915482 #7029]  INFO -- : 0:  rack-cache (1.2) from /Users/jared/.rvm/gems/ruby-2.0.0-p353@google-authenticator/specifications/rack-cache-1.2.gemspec
I, [2014-01-16T10:47:20.915687 #7029]  INFO -- : 0:  rack-test (0.6.2) from /Users/jared/.rvm/gems/ruby-2.0.0-p353@google-authenticator/specifications/rack-test-0.6.2.gemspec
I, [2014-01-16T10:47:20.915890 #7029]  INFO -- : 0:  hike (1.2.3) from /Users/jared/.rvm/gems/ruby-2.0.0-p353@google-authenticator/specifications/hike-1.2.3.gemspec
I, [2014-01-16T10:47:20.916079 #7029]  INFO -- : 0:  tilt (1.4.1) from /Users/jared/.rvm/gems/ruby-2.0.0-p353@google-authenticator/specifications/tilt-1.4.1.gemspec
I, [2014-01-16T10:47:20.916298 #7029]  INFO -- : 0:  sprockets (2.2.2) from /Users/jared/.rvm/gems/ruby-2.0.0-p353@google-authenticator/specifications/sprockets-2.2.2.gemspec
I, [2014-01-16T10:47:20.916504 #7029]  INFO -- : 0:  actionpack (3.2.13) from /Users/jared/.rvm/gems/ruby-2.0.0-p353@google-authenticator/specifications/actionpack-3.2.13.gemspec
I, [2014-01-16T10:47:20.916709 #7029]  INFO -- : 0:  arel (3.0.2) from /Users/jared/.rvm/gems/ruby-2.0.0-p353@google-authenticator/specifications/arel-3.0.2.gemspec
I, [2014-01-16T10:47:20.916913 #7029]  INFO -- : 0:  tzinfo (0.3.37) from /Users/jared/.rvm/gems/ruby-2.0.0-p353@google-authenticator/specifications/tzinfo-0.3.37.gemspec
I, [2014-01-16T10:47:20.917127 #7029]  INFO -- : 0:  activerecord (3.2.13) from /Users/jared/.rvm/gems/ruby-2.0.0-p353@google-authenticator/specifications/activerecord-3.2.13.gemspec
I, [2014-01-16T10:47:20.917313 #7029]  INFO -- : 0:  bundler (1.5.1) from /Users/jared/.rvm/gems/ruby-2.0.0-p353@global/specifications/bundler-1.5.1.gemspec
I, [2014-01-16T10:47:20.917517 #7029]  INFO -- : 0:  appraisal (0.5.2) from /Users/jared/.rvm/gems/ruby-2.0.0-p353@google-authenticator/specifications/appraisal-0.5.2.gemspec
I, [2014-01-16T10:47:20.917719 #7029]  INFO -- : 0:  diff-lcs (1.1.3) from /Users/jared/.rvm/gems/ruby-2.0.0-p353@google-authenticator/specifications/diff-lcs-1.1.3.gemspec
I, [2014-01-16T10:47:20.917922 #7029]  INFO -- : 0:  google-qr (0.2.2) from /Users/jared/.rvm/gems/ruby-2.0.0-p353@google-authenticator/specifications/google-qr-0.2.2.gemspec
I, [2014-01-16T10:47:20.918124 #7029]  INFO -- : 0:  rotp (1.4.1) from /Users/jared/.rvm/gems/ruby-2.0.0-p353@google-authenticator/specifications/rotp-1.4.1.gemspec
I, [2014-01-16T10:47:20.963271 #7029]  INFO -- : 0:  google-authenticator-rails (0.0.6) from /Users/jared/Open Source/gems/google-authenticator/google-authenticator.gemspec
I, [2014-01-16T10:47:20.963664 #7029]  INFO -- : 0:  rspec-core (2.8.0) from /Users/jared/.rvm/gems/ruby-2.0.0-p353@google-authenticator/specifications/rspec-core-2.8.0.gemspec
I, [2014-01-16T10:47:20.963946 #7029]  INFO -- : 0:  rspec-expectations (2.8.0) from /Users/jared/.rvm/gems/ruby-2.0.0-p353@google-authenticator/specifications/rspec-expectations-2.8.0.gemspec
I, [2014-01-16T10:47:20.964213 #7029]  INFO -- : 0:  rspec-mocks (2.8.0) from /Users/jared/.rvm/gems/ruby-2.0.0-p353@google-authenticator/specifications/rspec-mocks-2.8.0.gemspec
I, [2014-01-16T10:47:20.964521 #7029]  INFO -- : 0:  rspec (2.8.0) from /Users/jared/.rvm/gems/ruby-2.0.0-p353@google-authenticator/specifications/rspec-2.8.0.gemspec
I, [2014-01-16T10:47:20.964836 #7029]  INFO -- : 0:  sqlite3 (1.3.6) from /Users/jared/.rvm/gems/ruby-2.0.0-p353@google-authenticator/specifications/sqlite3-1.3.6.gemspec
